TN:
SF:models\product.js
FN:8,(anonymous_0)
FNF:1
FNH:0
FNDA:0,(anonymous_0)
DA:12,2
DA:23,2
DA:28,2
DA:33,2
DA:38,2
LF:5
LH:5
BRF:0
BRH:0
end_of_record
TN:
SF:models\product_feature..js
FN:7,(anonymous_0)
FNF:1
FNH:0
FNDA:0,(anonymous_0)
DA:10,2
LF:1
LH:1
BRF:0
BRH:0
end_of_record
TN:
SF:models\product_image..js
FN:5,(anonymous_0)
FNF:1
FNH:0
FNDA:0,(anonymous_0)
DA:8,2
LF:1
LH:1
BRF:0
BRH:0
end_of_record
TN:
SF:src\app.js
FN:10,(anonymous_0)
FNF:1
FNH:0
FNDA:0,(anonymous_0)
DA:5,2
DA:7,2
DA:8,2
DA:10,2
DA:11,0
DA:14,2
LF:6
LH:5
BRF:0
BRH:0
end_of_record
TN:
SF:src\routes.js
FN:8,(anonymous_0)
FN:15,(anonymous_1)
FNF:2
FNH:2
FNDA:1,(anonymous_0)
FNDA:2,(anonymous_1)
DA:6,2
DA:8,2
DA:9,1
DA:10,1
DA:12,1
DA:15,2
DA:16,2
DA:18,2
LF:8
LH:8
BRF:0
BRH:0
end_of_record
TN:
SF:src\repositories\databaseClient.js
FNF:0
FNH:0
DA:3,2
LF:1
LH:1
BRF:0
BRH:0
end_of_record
TN:
SF:src\repositories\productRepository.js
FN:5,saveProduct
FN:17,findProducts
FNF:2
FNH:2
FNDA:2,saveProduct
FNDA:5,findProducts
DA:6,2
DA:12,2
DA:14,2
DA:18,5
DA:27,4
LF:5
LH:5
BRF:0
BRH:0
end_of_record
TN:
SF:src\use-case\createProductUseCase.js
FN:3,createProductUseCase
FNF:1
FNH:1
FNDA:1,createProductUseCase
DA:4,1
DA:5,1
LF:2
LH:2
BRF:0
BRH:0
end_of_record
TN:
SF:src\use-case\listProducts.js
FN:4,listProductsUseCase
FNF:1
FNH:1
FNDA:2,listProductsUseCase
DA:5,2
DA:6,2
LF:2
LH:2
BRF:0
BRH:0
end_of_record
TN:
SF:test\data\products.js
FNF:0
FNH:0
DA:3,2
LF:1
LH:1
BRF:0
BRH:0
end_of_record
TN:
SF:test\helpers\product.js
FN:4,cleanProduct
FN:7,(anonymous_1)
FN:8,(anonymous_2)
FNF:3
FNH:3
FNDA:3,cleanProduct
FNDA:4,(anonymous_1)
FNDA:2,(anonymous_2)
DA:5,3
DA:6,2
DA:7,4
DA:8,2
DA:10,1
DA:11,1
LF:6
LH:6
BRF:0
BRH:0
end_of_record
